2025-09-28 19:20:36,651 - root - DEBUG - Test discovery starting from: C:\Users\12605\HuggingFace-Model-Manager\tests
2025-09-28 19:20:36,653 - root - DEBUG - Tests discovered: 115
2025-09-28 19:20:36,677 - urllib3.connectionpool - DEBUG - Starting new HTTPS connection (1): huggingface.co:443
2025-09-28 19:20:37,638 - urllib3.connectionpool - DEBUG - https://huggingface.co:443 "GET /api/models/google-bert/bert-base-uncased/commits/main HTTP/1.1" 200 9265
2025-09-28 19:20:37,670 - urllib3.connectionpool - DEBUG - Starting new HTTPS connection (1): api.github.com:443
2025-09-28 19:20:38,764 - urllib3.connectionpool - DEBUG - https://api.github.com:443 "POST /graphql HTTP/1.1" 401 98
2025-09-28 19:20:38,773 - urllib3.connectionpool - DEBUG - Starting new HTTPS connection (1): api.github.com:443
2025-09-28 19:20:39,657 - urllib3.connectionpool - DEBUG - https://api.github.com:443 "POST /graphql HTTP/1.1" 401 98
2025-09-28 19:20:39,665 - urllib3.connectionpool - DEBUG - Starting new HTTPS connection (1): api.github.com:443
2025-09-28 19:20:40,554 - urllib3.connectionpool - DEBUG - https://api.github.com:443 "POST /graphql HTTP/1.1" 401 98
2025-09-28 19:20:40,560 - urllib3.connectionpool - DEBUG - Starting new HTTPS connection (1): api.github.com:443
2025-09-28 19:20:41,373 - urllib3.connectionpool - DEBUG - https://api.github.com:443 "POST /graphql HTTP/1.1" 401 98
2025-09-28 19:20:41,380 - urllib3.connectionpool - DEBUG - Starting new HTTPS connection (1): api.github.com:443
2025-09-28 19:20:42,264 - urllib3.connectionpool - DEBUG - https://api.github.com:443 "POST /graphql HTTP/1.1" 401 98
2025-09-28 19:20:42,273 - urllib3.connectionpool - DEBUG - Starting new HTTPS connection (1): api.github.com:443
2025-09-28 19:20:43,202 - urllib3.connectionpool - DEBUG - https://api.github.com:443 "POST /graphql HTTP/1.1" 401 98
2025-09-28 19:20:43,266 - urllib3.connectionpool - DEBUG - https://huggingface.co:443 "GET /api/models/nonexistent/commits/main HTTP/1.1" 401 41
2025-09-28 19:20:43,319 - urllib3.connectionpool - DEBUG - Starting new HTTPS connection (1): example.com:443
2025-09-28 19:20:44,179 - urllib3.connectionpool - DEBUG - https://example.com:443 "HEAD / HTTP/1.1" 200 0
2025-09-28 19:20:44,185 - urllib3.connectionpool - DEBUG - Starting new HTTPS connection (1): example.com:443
2025-09-28 19:20:45,099 - urllib3.connectionpool - DEBUG - https://example.com:443 "GET / HTTP/1.1" 200 648
2025-09-28 19:20:45,105 - urllib3.connectionpool - DEBUG - Starting new HTTPS connection (1): example.com:443
2025-09-28 19:20:46,041 - urllib3.connectionpool - DEBUG - https://example.com:443 "HEAD / HTTP/1.1" 200 0
2025-09-28 19:20:46,045 - urllib3.connectionpool - DEBUG - Starting new HTTPS connection (1): example.com:443
2025-09-28 19:20:46,903 - urllib3.connectionpool - DEBUG - https://example.com:443 "GET / HTTP/1.1" 200 648
2025-09-28 19:20:46,969 - urllib3.connectionpool - DEBUG - https://huggingface.co:443 "GET /api/datasets/bookcorpus/bookcorpus HTTP/1.1" 200 2278
2025-09-28 19:20:47,038 - urllib3.connectionpool - DEBUG - https://huggingface.co:443 "GET /api/datasets/arjunpatel/best-selling-video-games HTTP/1.1" 200 1365
2025-09-28 19:20:47,068 - root - INFO - Updating existing codebase at C:\Users\12605\AppData\Local\Temp\tmprjgy_o8v\codebases\repo...
2025-09-28 19:20:47,071 - root - INFO - Codebase updated at C:\Users\12605\AppData\Local\Temp\tmprjgy_o8v\codebases\repo
2025-09-28 19:20:47,077 - root - INFO - Cloning codebase from https://github.com/username/repo...
2025-09-28 19:20:47,077 - root - ERROR - Failed to clone codebase from https://github.com/username/repo: Clone failed
2025-09-28 19:20:47,081 - root - INFO - Cloning codebase from https://github.com/username/repo...
2025-09-28 19:20:47,082 - root - INFO - Codebase cloned to C:\Users\12605\AppData\Local\Temp\tmpjq90hcaj\codebases\repo
2025-09-28 19:20:47,090 - root - INFO - Updating existing codebase at C:\Users\12605\AppData\Local\Temp\tmp1jp0zjax\codebases\repo...
2025-09-28 19:20:47,091 - root - WARNING - Git update failed, re-cloning: Fetch failed
2025-09-28 19:20:47,091 - root - INFO - Cloning codebase from https://github.com/username/repo...
2025-09-28 19:20:47,093 - root - INFO - Codebase cloned to C:\Users\12605\AppData\Local\Temp\tmp1jp0zjax\codebases\repo
2025-09-28 19:20:47,098 - root - INFO - Updating existing dataset at C:\Users\12605\AppData\Local\Temp\tmp9ohqe7lk\datasets\squad...
2025-09-28 19:20:47,099 - root - INFO - Dataset ready at C:\Users\12605\AppData\Local\Temp\tmp9ohqe7lk\datasets\squad
2025-09-28 19:20:47,104 - root - INFO - Downloading dataset from https://huggingface.co/datasets/squad...
2025-09-28 19:20:47,104 - root - INFO - Dataset ready at C:\Users\12605\AppData\Local\Temp\tmpocjymg0r\datasets\squad
2025-09-28 19:20:47,111 - root - INFO - Updating existing dataset at C:\Users\12605\AppData\Local\Temp\tmpxcta58j7\datasets\squad...
2025-09-28 19:20:47,111 - root - WARNING - Update failed, clearing and re-downloading: Update failed
2025-09-28 19:20:47,112 - root - INFO - Dataset re-downloaded to C:\Users\12605\AppData\Local\Temp\tmpxcta58j7\datasets\squad
2025-09-28 19:20:47,118 - root - INFO - Updating existing model at C:\Users\12605\AppData\Local\Temp\tmpvrdtrm8s\models\bert-base-uncased...
2025-09-28 19:20:47,118 - root - INFO - Model ready at C:\Users\12605\AppData\Local\Temp\tmpvrdtrm8s\models\bert-base-uncased
2025-09-28 19:20:47,123 - root - INFO - Downloading model from https://huggingface.co/nonexistent/model...
2025-09-28 19:20:47,124 - root - ERROR - Failed to download model from https://huggingface.co/nonexistent/model: Download failed
2025-09-28 19:20:47,129 - root - INFO - Downloading model from https://huggingface.co/bert-base-uncased...
2025-09-28 19:20:47,129 - root - INFO - Model ready at C:\Users\12605\AppData\Local\Temp\tmpxfq9ljt9\models\bert-base-uncased
2025-09-28 19:20:47,130 - root - INFO - Cloning codebase from https://github.com/username/repo...
2025-09-28 19:20:47,131 - root - INFO - Codebase cloned to C:\Users\12605\AppData\Local\Temp\tmpxfq9ljt9\codebases\repo
2025-09-28 19:20:47,131 - root - INFO - Downloading dataset from https://huggingface.co/datasets/squad...
2025-09-28 19:20:47,132 - root - INFO - Dataset ready at C:\Users\12605\AppData\Local\Temp\tmpxfq9ljt9\datasets\squad
2025-09-28 19:20:47,139 - root - INFO - Updating existing model at C:\Users\12605\AppData\Local\Temp\tmp7wwm0s7t\models\bert-base-uncased...
2025-09-28 19:20:47,140 - root - INFO - Model ready at C:\Users\12605\AppData\Local\Temp\tmp7wwm0s7t\models\bert-base-uncased
2025-09-28 19:20:47,140 - root - INFO - Updating existing codebase at C:\Users\12605\AppData\Local\Temp\tmp7wwm0s7t\codebases\repo...
2025-09-28 19:20:47,143 - root - INFO - Codebase updated at C:\Users\12605\AppData\Local\Temp\tmp7wwm0s7t\codebases\repo
2025-09-28 19:20:47,144 - root - INFO - Updating existing dataset at C:\Users\12605\AppData\Local\Temp\tmp7wwm0s7t\datasets\squad...
2025-09-28 19:20:47,144 - root - INFO - Dataset ready at C:\Users\12605\AppData\Local\Temp\tmp7wwm0s7t\datasets\squad
2025-09-28 19:20:47,150 - root - INFO - Cloning codebase from https://github.com/username/repo...
2025-09-28 19:20:47,151 - root - INFO - Codebase cloned to C:\Users\12605\AppData\Local\Temp\tmpqwji37d4\codebases\repo
2025-09-28 19:20:47,156 - root - INFO - Downloading dataset from https://huggingface.co/datasets/squad...
2025-09-28 19:20:47,157 - root - INFO - Dataset ready at C:\Users\12605\AppData\Local\Temp\tmp7_2kanmg\datasets\squad
2025-09-28 19:20:47,161 - root - INFO - Downloading model from https://huggingface.co/bert-base-uncased...
2025-09-28 19:20:47,162 - root - INFO - Model ready at C:\Users\12605\AppData\Local\Temp\tmp5j519rot\models\bert-base-uncased
2025-09-28 19:20:47,167 - root - INFO - Downloading model from https://huggingface.co/bert-base-uncased...
2025-09-28 19:20:47,168 - root - INFO - Model ready at C:\Users\12605\AppData\Local\Temp\tmpnw3_1n2n\models\bert-base-uncased
2025-09-28 19:20:47,168 - root - INFO - Downloading dataset from https://huggingface.co/datasets/squad...
2025-09-28 19:20:47,169 - root - INFO - Dataset ready at C:\Users\12605\AppData\Local\Temp\tmpnw3_1n2n\datasets\squad
2025-09-28 19:20:47,174 - root - INFO - Downloading model from https://huggingface.co/bert-base-uncased...
2025-09-28 19:20:47,175 - root - INFO - Model ready at C:\Users\12605\AppData\Local\Temp\tmpb8i55nmv\models\bert-base-uncased
2025-09-28 19:20:47,180 - root - INFO - Updating existing model at C:\Users\12605\AppData\Local\Temp\tmpqfsg4xo0\models\bert-base-uncased...
2025-09-28 19:20:47,181 - root - WARNING - Update failed, clearing and re-downloading: Update failed
2025-09-28 19:20:47,182 - root - INFO - Model re-downloaded to C:\Users\12605\AppData\Local\Temp\tmpqfsg4xo0\models\bert-base-uncased
2025-09-28 19:20:59,410 - urllib3.connectionpool - DEBUG - https://huggingface.co:443 "GET /api/models/sshleifer/tiny-distilroberta-base/revision/main HTTP/1.1" 200 1208
2025-09-28 19:20:59,446 - filelock - DEBUG - Attempting to acquire lock 2763493695776 on C:\Users\12605\AppData\Local\Temp\tmpvrqmsmu5\model\sshleifer_tiny-distilroberta-base\.cache\huggingface\.gitignore.lock
2025-09-28 19:20:59,447 - filelock - DEBUG - Attempting to acquire lock 2763492153680 on C:\Users\12605\AppData\Local\Temp\tmpvrqmsmu5\model\sshleifer_tiny-distilroberta-base\.cache\huggingface\.gitignore.lock
2025-09-28 19:20:59,448 - filelock - DEBUG - Attempting to acquire lock 2763492156560 on C:\Users\12605\AppData\Local\Temp\tmpvrqmsmu5\model\sshleifer_tiny-distilroberta-base\.cache\huggingface\.gitignore.lock
2025-09-28 19:20:59,449 - filelock - DEBUG - Attempting to acquire lock 2763493456208 on C:\Users\12605\AppData\Local\Temp\tmpvrqmsmu5\model\sshleifer_tiny-distilroberta-base\.cache\huggingface\.gitignore.lock
2025-09-28 19:20:59,450 - filelock - DEBUG - Attempting to acquire lock 2763493456512 on C:\Users\12605\AppData\Local\Temp\tmpvrqmsmu5\model\sshleifer_tiny-distilroberta-base\.cache\huggingface\.gitignore.lock
2025-09-28 19:20:59,451 - filelock - DEBUG - Attempting to acquire lock 2763493396784 on C:\Users\12605\AppData\Local\Temp\tmpvrqmsmu5\model\sshleifer_tiny-distilroberta-base\.cache\huggingface\.gitignore.lock
2025-09-28 19:20:59,453 - filelock - DEBUG - Attempting to acquire lock 2763494119888 on C:\Users\12605\AppData\Local\Temp\tmpvrqmsmu5\model\sshleifer_tiny-distilroberta-base\.cache\huggingface\.gitignore.lock
2025-09-28 19:20:59,456 - filelock - DEBUG - Attempting to acquire lock 2763494120432 on C:\Users\12605\AppData\Local\Temp\tmpvrqmsmu5\model\sshleifer_tiny-distilroberta-base\.cache\huggingface\.gitignore.lock
2025-09-28 19:20:59,461 - filelock - DEBUG - Lock 2763492153680 acquired on C:\Users\12605\AppData\Local\Temp\tmpvrqmsmu5\model\sshleifer_tiny-distilroberta-base\.cache\huggingface\.gitignore.lock
2025-09-28 19:20:59,463 - filelock - DEBUG - Lock 2763494119888 not acquired on C:\Users\12605\AppData\Local\Temp\tmpvrqmsmu5\model\sshleifer_tiny-distilroberta-base\.cache\huggingface\.gitignore.lock, waiting 0.05 seconds ...
2025-09-28 19:20:59,463 - filelock - DEBUG - Lock 2763493695776 not acquired on C:\Users\12605\AppData\Local\Temp\tmpvrqmsmu5\model\sshleifer_tiny-distilroberta-base\.cache\huggingface\.gitignore.lock, waiting 0.05 seconds ...
2025-09-28 19:20:59,464 - filelock - DEBUG - Lock 2763493396784 not acquired on C:\Users\12605\AppData\Local\Temp\tmpvrqmsmu5\model\sshleifer_tiny-distilroberta-base\.cache\huggingface\.gitignore.lock, waiting 0.05 seconds ...
2025-09-28 19:20:59,465 - filelock - DEBUG - Attempting to release lock 2763492153680 on C:\Users\12605\AppData\Local\Temp\tmpvrqmsmu5\model\sshleifer_tiny-distilroberta-base\.cache\huggingface\.gitignore.lock
2025-09-28 19:20:59,467 - filelock - DEBUG - Lock 2763492156560 not acquired on C:\Users\12605\AppData\Local\Temp\tmpvrqmsmu5\model\sshleifer_tiny-distilroberta-base\.cache\huggingface\.gitignore.lock, waiting 0.05 seconds ...
2025-09-28 19:20:59,467 - filelock - DEBUG - Lock 2763493456512 not acquired on C:\Users\12605\AppData\Local\Temp\tmpvrqmsmu5\model\sshleifer_tiny-distilroberta-base\.cache\huggingface\.gitignore.lock, waiting 0.05 seconds ...
2025-09-28 19:20:59,468 - filelock - DEBUG - Lock 2763493456208 not acquired on C:\Users\12605\AppData\Local\Temp\tmpvrqmsmu5\model\sshleifer_tiny-distilroberta-base\.cache\huggingface\.gitignore.lock, waiting 0.05 seconds ...
2025-09-28 19:20:59,469 - filelock - DEBUG - Lock 2763494120432 not acquired on C:\Users\12605\AppData\Local\Temp\tmpvrqmsmu5\model\sshleifer_tiny-distilroberta-base\.cache\huggingface\.gitignore.lock, waiting 0.05 seconds ...
2025-09-28 19:20:59,470 - filelock - DEBUG - Lock 2763492153680 released on C:\Users\12605\AppData\Local\Temp\tmpvrqmsmu5\model\sshleifer_tiny-distilroberta-base\.cache\huggingface\.gitignore.lock
2025-09-28 19:20:59,474 - filelock - DEBUG - Attempting to acquire lock 2763494100816 on C:\Users\12605\AppData\Local\Temp\tmpvrqmsmu5\model\sshleifer_tiny-distilroberta-base\.cache\huggingface\download\.gitattributes.lock
2025-09-28 19:20:59,475 - filelock - DEBUG - Lock 2763494100816 acquired on C:\Users\12605\AppData\Local\Temp\tmpvrqmsmu5\model\sshleifer_tiny-distilroberta-base\.cache\huggingface\download\.gitattributes.lock
2025-09-28 19:20:59,476 - filelock - DEBUG - Attempting to release lock 2763494100816 on C:\Users\12605\AppData\Local\Temp\tmpvrqmsmu5\model\sshleifer_tiny-distilroberta-base\.cache\huggingface\download\.gitattributes.lock
2025-09-28 19:20:59,477 - filelock - DEBUG - Lock 2763494100816 released on C:\Users\12605\AppData\Local\Temp\tmpvrqmsmu5\model\sshleifer_tiny-distilroberta-base\.cache\huggingface\download\.gitattributes.lock
2025-09-28 19:20:59,485 - urllib3.connectionpool - DEBUG - Starting new HTTPS connection (1): huggingface.co:443
2025-09-28 19:20:59,514 - filelock - DEBUG - Attempting to acquire lock 2763494119888 on C:\Users\12605\AppData\Local\Temp\tmpvrqmsmu5\model\sshleifer_tiny-distilroberta-base\.cache\huggingface\.gitignore.lock
2025-09-28 19:20:59,515 - filelock - DEBUG - Attempting to acquire lock 2763493695776 on C:\Users\12605\AppData\Local\Temp\tmpvrqmsmu5\model\sshleifer_tiny-distilroberta-base\.cache\huggingface\.gitignore.lock
2025-09-28 19:20:59,516 - filelock - DEBUG - Attempting to acquire lock 2763493396784 on C:\Users\12605\AppData\Local\Temp\tmpvrqmsmu5\model\sshleifer_tiny-distilroberta-base\.cache\huggingface\.gitignore.lock
2025-09-28 19:20:59,516 - filelock - DEBUG - Lock 2763494119888 acquired on C:\Users\12605\AppData\Local\Temp\tmpvrqmsmu5\model\sshleifer_tiny-distilroberta-base\.cache\huggingface\.gitignore.lock
2025-09-28 19:20:59,518 - filelock - DEBUG - Attempting to release lock 2763494119888 on C:\Users\12605\AppData\Local\Temp\tmpvrqmsmu5\model\sshleifer_tiny-distilroberta-base\.cache\huggingface\.gitignore.lock
2025-09-28 19:20:59,519 - filelock - DEBUG - Attempting to acquire lock 2763492156560 on C:\Users\12605\AppData\Local\Temp\tmpvrqmsmu5\model\sshleifer_tiny-distilroberta-base\.cache\huggingface\.gitignore.lock
2025-09-28 19:20:59,519 - filelock - DEBUG - Lock 2763493695776 acquired on C:\Users\12605\AppData\Local\Temp\tmpvrqmsmu5\model\sshleifer_tiny-distilroberta-base\.cache\huggingface\.gitignore.lock
2025-09-28 19:20:59,520 - filelock - DEBUG - Attempting to acquire lock 2763493456512 on C:\Users\12605\AppData\Local\Temp\tmpvrqmsmu5\model\sshleifer_tiny-distilroberta-base\.cache\huggingface\.gitignore.lock
2025-09-28 19:20:59,520 - filelock - DEBUG - Attempting to acquire lock 2763494120432 on C:\Users\12605\AppData\Local\Temp\tmpvrqmsmu5\model\sshleifer_tiny-distilroberta-base\.cache\huggingface\.gitignore.lock
2025-09-28 19:20:59,520 - filelock - DEBUG - Lock 2763494119888 released on C:\Users\12605\AppData\Local\Temp\tmpvrqmsmu5\model\sshleifer_tiny-distilroberta-base\.cache\huggingface\.gitignore.lock
2025-09-28 19:20:59,521 - filelock - DEBUG - Attempting to acquire lock 2763493456208 on C:\Users\12605\AppData\Local\Temp\tmpvrqmsmu5\model\sshleifer_tiny-distilroberta-base\.cache\huggingface\.gitignore.lock
2025-09-28 19:20:59,522 - filelock - DEBUG - Lock 2763493396784 not acquired on C:\Users\12605\AppData\Local\Temp\tmpvrqmsmu5\model\sshleifer_tiny-distilroberta-base\.cache\huggingface\.gitignore.lock, waiting 0.05 seconds ...
2025-09-28 19:20:59,523 - filelock - DEBUG - Attempting to release lock 2763493695776 on C:\Users\12605\AppData\Local\Temp\tmpvrqmsmu5\model\sshleifer_tiny-distilroberta-base\.cache\huggingface\.gitignore.lock
2025-09-28 19:20:59,525 - filelock - DEBUG - Lock 2763492156560 not acquired on C:\Users\12605\AppData\Local\Temp\tmpvrqmsmu5\model\sshleifer_tiny-distilroberta-base\.cache\huggingface\.gitignore.lock, waiting 0.05 seconds ...
2025-09-28 19:20:59,526 - filelock - DEBUG - Lock 2763493456512 not acquired on C:\Users\12605\AppData\Local\Temp\tmpvrqmsmu5\model\sshleifer_tiny-distilroberta-base\.cache\huggingface\.gitignore.lock, waiting 0.05 seconds ...
2025-09-28 19:20:59,526 - filelock - DEBUG - Lock 2763494120432 acquired on C:\Users\12605\AppData\Local\Temp\tmpvrqmsmu5\model\sshleifer_tiny-distilroberta-base\.cache\huggingface\.gitignore.lock
2025-09-28 19:20:59,527 - filelock - DEBUG - Lock 2763493456208 not acquired on C:\Users\12605\AppData\Local\Temp\tmpvrqmsmu5\model\sshleifer_tiny-distilroberta-base\.cache\huggingface\.gitignore.lock, waiting 0.05 seconds ...
2025-09-28 19:20:59,528 - filelock - DEBUG - Lock 2763493695776 released on C:\Users\12605\AppData\Local\Temp\tmpvrqmsmu5\model\sshleifer_tiny-distilroberta-base\.cache\huggingface\.gitignore.lock
2025-09-28 19:20:59,531 - filelock - DEBUG - Attempting to release lock 2763494120432 on C:\Users\12605\AppData\Local\Temp\tmpvrqmsmu5\model\sshleifer_tiny-distilroberta-base\.cache\huggingface\.gitignore.lock
2025-09-28 19:20:59,532 - filelock - DEBUG - Attempting to acquire lock 2763494105680 on C:\Users\12605\AppData\Local\Temp\tmpvrqmsmu5\model\sshleifer_tiny-distilroberta-base\.cache\huggingface\download\tokenizer_config.json.lock
2025-09-28 19:20:59,532 - filelock - DEBUG - Lock 2763494120432 released on C:\Users\12605\AppData\Local\Temp\tmpvrqmsmu5\model\sshleifer_tiny-distilroberta-base\.cache\huggingface\.gitignore.lock
2025-09-28 19:20:59,536 - filelock - DEBUG - Lock 2763494105680 acquired on C:\Users\12605\AppData\Local\Temp\tmpvrqmsmu5\model\sshleifer_tiny-distilroberta-base\.cache\huggingface\download\tokenizer_config.json.lock
2025-09-28 19:20:59,537 - filelock - DEBUG - Attempting to acquire lock 2763493989728 on C:\Users\12605\AppData\Local\Temp\tmpvrqmsmu5\model\sshleifer_tiny-distilroberta-base\.cache\huggingface\download\flax_model.msgpack.lock
2025-09-28 19:20:59,538 - filelock - DEBUG - Attempting to release lock 2763494105680 on C:\Users\12605\AppData\Local\Temp\tmpvrqmsmu5\model\sshleifer_tiny-distilroberta-base\.cache\huggingface\download\tokenizer_config.json.lock
2025-09-28 19:20:59,540 - filelock - DEBUG - Lock 2763494105680 released on C:\Users\12605\AppData\Local\Temp\tmpvrqmsmu5\model\sshleifer_tiny-distilroberta-base\.cache\huggingface\download\tokenizer_config.json.lock
2025-09-28 19:20:59,541 - filelock - DEBUG - Attempting to acquire lock 2763493984688 on C:\Users\12605\AppData\Local\Temp\tmpvrqmsmu5\model\sshleifer_tiny-distilroberta-base\.cache\huggingface\download\config.json.lock
2025-09-28 19:20:59,542 - filelock - DEBUG - Lock 2763493989728 acquired on C:\Users\12605\AppData\Local\Temp\tmpvrqmsmu5\model\sshleifer_tiny-distilroberta-base\.cache\huggingface\download\flax_model.msgpack.lock
2025-09-28 19:20:59,544 - filelock - DEBUG - Attempting to release lock 2763493989728 on C:\Users\12605\AppData\Local\Temp\tmpvrqmsmu5\model\sshleifer_tiny-distilroberta-base\.cache\huggingface\download\flax_model.msgpack.lock
2025-09-28 19:20:59,547 - filelock - DEBUG - Lock 2763493989728 released on C:\Users\12605\AppData\Local\Temp\tmpvrqmsmu5\model\sshleifer_tiny-distilroberta-base\.cache\huggingface\download\flax_model.msgpack.lock
2025-09-28 19:20:59,550 - filelock - DEBUG - Lock 2763493984688 acquired on C:\Users\12605\AppData\Local\Temp\tmpvrqmsmu5\model\sshleifer_tiny-distilroberta-base\.cache\huggingface\download\config.json.lock
2025-09-28 19:20:59,550 - filelock - DEBUG - Attempting to release lock 2763493984688 on C:\Users\12605\AppData\Local\Temp\tmpvrqmsmu5\model\sshleifer_tiny-distilroberta-base\.cache\huggingface\download\config.json.lock
2025-09-28 19:20:59,553 - urllib3.connectionpool - DEBUG - Starting new HTTPS connection (1): huggingface.co:443
2025-09-28 19:20:59,554 - filelock - DEBUG - Lock 2763493984688 released on C:\Users\12605\AppData\Local\Temp\tmpvrqmsmu5\model\sshleifer_tiny-distilroberta-base\.cache\huggingface\download\config.json.lock
2025-09-28 19:20:59,562 - urllib3.connectionpool - DEBUG - Starting new HTTPS connection (1): huggingface.co:443
2025-09-28 19:20:59,569 - urllib3.connectionpool - DEBUG - Starting new HTTPS connection (1): huggingface.co:443
2025-09-28 19:20:59,576 - filelock - DEBUG - Attempting to acquire lock 2763493396784 on C:\Users\12605\AppData\Local\Temp\tmpvrqmsmu5\model\sshleifer_tiny-distilroberta-base\.cache\huggingface\.gitignore.lock
2025-09-28 19:20:59,577 - filelock - DEBUG - Attempting to acquire lock 2763492156560 on C:\Users\12605\AppData\Local\Temp\tmpvrqmsmu5\model\sshleifer_tiny-distilroberta-base\.cache\huggingface\.gitignore.lock
2025-09-28 19:20:59,578 - filelock - DEBUG - Lock 2763493396784 acquired on C:\Users\12605\AppData\Local\Temp\tmpvrqmsmu5\model\sshleifer_tiny-distilroberta-base\.cache\huggingface\.gitignore.lock
2025-09-28 19:20:59,579 - filelock - DEBUG - Attempting to acquire lock 2763493456512 on C:\Users\12605\AppData\Local\Temp\tmpvrqmsmu5\model\sshleifer_tiny-distilroberta-base\.cache\huggingface\.gitignore.lock
2025-09-28 19:20:59,579 - filelock - DEBUG - Attempting to acquire lock 2763493456208 on C:\Users\12605\AppData\Local\Temp\tmpvrqmsmu5\model\sshleifer_tiny-distilroberta-base\.cache\huggingface\.gitignore.lock
2025-09-28 19:20:59,581 - filelock - DEBUG - Timeout on acquiring lock 2763492156560 on C:\Users\12605\AppData\Local\Temp\tmpvrqmsmu5\model\sshleifer_tiny-distilroberta-base\.cache\huggingface\.gitignore.lock
2025-09-28 19:20:59,582 - filelock - DEBUG - Attempting to release lock 2763493396784 on C:\Users\12605\AppData\Local\Temp\tmpvrqmsmu5\model\sshleifer_tiny-distilroberta-base\.cache\huggingface\.gitignore.lock
2025-09-28 19:20:59,583 - filelock - DEBUG - Lock 2763493456208 acquired on C:\Users\12605\AppData\Local\Temp\tmpvrqmsmu5\model\sshleifer_tiny-distilroberta-base\.cache\huggingface\.gitignore.lock
2025-09-28 19:20:59,583 - filelock - DEBUG - Lock 2763493396784 released on C:\Users\12605\AppData\Local\Temp\tmpvrqmsmu5\model\sshleifer_tiny-distilroberta-base\.cache\huggingface\.gitignore.lock
2025-09-28 19:20:59,585 - filelock - DEBUG - Timeout on acquiring lock 2763493456512 on C:\Users\12605\AppData\Local\Temp\tmpvrqmsmu5\model\sshleifer_tiny-distilroberta-base\.cache\huggingface\.gitignore.lock
2025-09-28 19:20:59,588 - filelock - DEBUG - Attempting to release lock 2763493456208 on C:\Users\12605\AppData\Local\Temp\tmpvrqmsmu5\model\sshleifer_tiny-distilroberta-base\.cache\huggingface\.gitignore.lock
2025-09-28 19:20:59,591 - filelock - DEBUG - Lock 2763493456208 released on C:\Users\12605\AppData\Local\Temp\tmpvrqmsmu5\model\sshleifer_tiny-distilroberta-base\.cache\huggingface\.gitignore.lock
2025-09-28 19:20:59,596 - filelock - DEBUG - Attempting to acquire lock 2763494045552 on C:\Users\12605\AppData\Local\Temp\tmpvrqmsmu5\model\sshleifer_tiny-distilroberta-base\.cache\huggingface\download\merges.txt.lock
2025-09-28 19:20:59,597 - filelock - DEBUG - Attempting to acquire lock 2763494046448 on C:\Users\12605\AppData\Local\Temp\tmpvrqmsmu5\model\sshleifer_tiny-distilroberta-base\.cache\huggingface\download\special_tokens_map.json.lock
2025-09-28 19:20:59,598 - filelock - DEBUG - Attempting to acquire lock 2763511437696 on C:\Users\12605\AppData\Local\Temp\tmpvrqmsmu5\model\sshleifer_tiny-distilroberta-base\.cache\huggingface\download\tf_model.h5.lock
2025-09-28 19:20:59,602 - filelock - DEBUG - Lock 2763494045552 acquired on C:\Users\12605\AppData\Local\Temp\tmpvrqmsmu5\model\sshleifer_tiny-distilroberta-base\.cache\huggingface\download\merges.txt.lock
2025-09-28 19:20:59,604 - filelock - DEBUG - Attempting to release lock 2763494045552 on C:\Users\12605\AppData\Local\Temp\tmpvrqmsmu5\model\sshleifer_tiny-distilroberta-base\.cache\huggingface\download\merges.txt.lock
2025-09-28 19:20:59,605 - filelock - DEBUG - Attempting to acquire lock 2763493942928 on C:\Users\12605\AppData\Local\Temp\tmpvrqmsmu5\model\sshleifer_tiny-distilroberta-base\.cache\huggingface\download\pytorch_model.bin.lock
2025-09-28 19:20:59,606 - filelock - DEBUG - Lock 2763494046448 acquired on C:\Users\12605\AppData\Local\Temp\tmpvrqmsmu5\model\sshleifer_tiny-distilroberta-base\.cache\huggingface\download\special_tokens_map.json.lock
2025-09-28 19:20:59,608 - filelock - DEBUG - Attempting to release lock 2763494046448 on C:\Users\12605\AppData\Local\Temp\tmpvrqmsmu5\model\sshleifer_tiny-distilroberta-base\.cache\huggingface\download\special_tokens_map.json.lock
2025-09-28 19:20:59,608 - filelock - DEBUG - Lock 2763511437696 acquired on C:\Users\12605\AppData\Local\Temp\tmpvrqmsmu5\model\sshleifer_tiny-distilroberta-base\.cache\huggingface\download\tf_model.h5.lock
2025-09-28 19:20:59,609 - filelock - DEBUG - Lock 2763494045552 released on C:\Users\12605\AppData\Local\Temp\tmpvrqmsmu5\model\sshleifer_tiny-distilroberta-base\.cache\huggingface\download\merges.txt.lock
2025-09-28 19:20:59,610 - filelock - DEBUG - Lock 2763493942928 acquired on C:\Users\12605\AppData\Local\Temp\tmpvrqmsmu5\model\sshleifer_tiny-distilroberta-base\.cache\huggingface\download\pytorch_model.bin.lock
2025-09-28 19:20:59,610 - filelock - DEBUG - Attempting to release lock 2763511437696 on C:\Users\12605\AppData\Local\Temp\tmpvrqmsmu5\model\sshleifer_tiny-distilroberta-base\.cache\huggingface\download\tf_model.h5.lock
2025-09-28 19:20:59,611 - filelock - DEBUG - Lock 2763494046448 released on C:\Users\12605\AppData\Local\Temp\tmpvrqmsmu5\model\sshleifer_tiny-distilroberta-base\.cache\huggingface\download\special_tokens_map.json.lock
2025-09-28 19:20:59,614 - filelock - DEBUG - Attempting to release lock 2763493942928 on C:\Users\12605\AppData\Local\Temp\tmpvrqmsmu5\model\sshleifer_tiny-distilroberta-base\.cache\huggingface\download\pytorch_model.bin.lock
2025-09-28 19:20:59,620 - filelock - DEBUG - Lock 2763511437696 released on C:\Users\12605\AppData\Local\Temp\tmpvrqmsmu5\model\sshleifer_tiny-distilroberta-base\.cache\huggingface\download\tf_model.h5.lock
2025-09-28 19:20:59,626 - urllib3.connectionpool - DEBUG - Starting new HTTPS connection (1): huggingface.co:443
2025-09-28 19:20:59,629 - filelock - DEBUG - Lock 2763493942928 released on C:\Users\12605\AppData\Local\Temp\tmpvrqmsmu5\model\sshleifer_tiny-distilroberta-base\.cache\huggingface\download\pytorch_model.bin.lock
2025-09-28 19:20:59,643 - urllib3.connectionpool - DEBUG - Starting new HTTPS connection (1): huggingface.co:443
2025-09-28 19:20:59,653 - urllib3.connectionpool - DEBUG - Starting new HTTPS connection (1): huggingface.co:443
2025-09-28 19:20:59,656 - urllib3.connectionpool - DEBUG - Starting new HTTPS connection (1): huggingface.co:443
2025-09-28 19:21:02,931 - urllib3.connectionpool - DEBUG - https://huggingface.co:443 "HEAD /sshleifer/tiny-distilroberta-base/resolve/d305c58110158c865cb6746c62d4511d4148a934/.gitattributes HTTP/1.1" 307 0
2025-09-28 19:21:02,978 - urllib3.connectionpool - DEBUG - https://huggingface.co:443 "HEAD /api/resolve-cache/models/sshleifer/tiny-distilroberta-base/d305c58110158c865cb6746c62d4511d4148a934/.gitattributes HTTP/1.1" 200 0
2025-09-28 19:21:02,984 - filelock - DEBUG - Attempting to acquire lock 2763493946192 on C:\Users\12605\AppData\Local\Temp\tmpvrqmsmu5\model\sshleifer_tiny-distilroberta-base\.cache\huggingface\download\.gitattributes.lock
2025-09-28 19:21:02,987 - filelock - DEBUG - Lock 2763493946192 acquired on C:\Users\12605\AppData\Local\Temp\tmpvrqmsmu5\model\sshleifer_tiny-distilroberta-base\.cache\huggingface\download\.gitattributes.lock
2025-09-28 19:21:03,048 - urllib3.connectionpool - DEBUG - https://huggingface.co:443 "GET /api/resolve-cache/models/sshleifer/tiny-distilroberta-base/d305c58110158c865cb6746c62d4511d4148a934/.gitattributes HTTP/1.1" 200 391
2025-09-28 19:21:03,064 - filelock - DEBUG - Attempting to release lock 2763493946192 on C:\Users\12605\AppData\Local\Temp\tmpvrqmsmu5\model\sshleifer_tiny-distilroberta-base\.cache\huggingface\download\.gitattributes.lock
2025-09-28 19:21:03,066 - filelock - DEBUG - Lock 2763493946192 released on C:\Users\12605\AppData\Local\Temp\tmpvrqmsmu5\model\sshleifer_tiny-distilroberta-base\.cache\huggingface\download\.gitattributes.lock
2025-09-28 19:21:03,071 - filelock - DEBUG - Attempting to acquire lock 2763510849520 on C:\Users\12605\AppData\Local\Temp\tmpvrqmsmu5\model\sshleifer_tiny-distilroberta-base\.cache\huggingface\download\.gitattributes.lock
2025-09-28 19:21:03,073 - filelock - DEBUG - Lock 2763510849520 acquired on C:\Users\12605\AppData\Local\Temp\tmpvrqmsmu5\model\sshleifer_tiny-distilroberta-base\.cache\huggingface\download\.gitattributes.lock
2025-09-28 19:21:03,075 - filelock - DEBUG - Attempting to release lock 2763510849520 on C:\Users\12605\AppData\Local\Temp\tmpvrqmsmu5\model\sshleifer_tiny-distilroberta-base\.cache\huggingface\download\.gitattributes.lock
2025-09-28 19:21:03,077 - filelock - DEBUG - Lock 2763510849520 released on C:\Users\12605\AppData\Local\Temp\tmpvrqmsmu5\model\sshleifer_tiny-distilroberta-base\.cache\huggingface\download\.gitattributes.lock
2025-09-28 19:21:03,090 - urllib3.connectionpool - DEBUG - https://huggingface.co:443 "HEAD /sshleifer/tiny-distilroberta-base/resolve/d305c58110158c865cb6746c62d4511d4148a934/config.json HTTP/1.1" 307 0
2025-09-28 19:21:03,111 - filelock - DEBUG - Attempting to acquire lock 2763510850048 on C:\Users\12605\AppData\Local\Temp\tmpvrqmsmu5\model\sshleifer_tiny-distilroberta-base\.cache\huggingface\download\vocab.json.lock
2025-09-28 19:21:03,114 - filelock - DEBUG - Lock 2763510850048 acquired on C:\Users\12605\AppData\Local\Temp\tmpvrqmsmu5\model\sshleifer_tiny-distilroberta-base\.cache\huggingface\download\vocab.json.lock
2025-09-28 19:21:03,115 - filelock - DEBUG - Attempting to release lock 2763510850048 on C:\Users\12605\AppData\Local\Temp\tmpvrqmsmu5\model\sshleifer_tiny-distilroberta-base\.cache\huggingface\download\vocab.json.lock
2025-09-28 19:21:03,117 - filelock - DEBUG - Lock 2763510850048 released on C:\Users\12605\AppData\Local\Temp\tmpvrqmsmu5\model\sshleifer_tiny-distilroberta-base\.cache\huggingface\download\vocab.json.lock
2025-09-28 19:21:03,145 - urllib3.connectionpool - DEBUG - https://huggingface.co:443 "HEAD /api/resolve-cache/models/sshleifer/tiny-distilroberta-base/d305c58110158c865cb6746c62d4511d4148a934/config.json HTTP/1.1" 200 0
2025-09-28 19:21:03,151 - filelock - DEBUG - Attempting to acquire lock 2763511312496 on C:\Users\12605\AppData\Local\Temp\tmpvrqmsmu5\model\sshleifer_tiny-distilroberta-base\.cache\huggingface\download\config.json.lock
2025-09-28 19:21:03,154 - filelock - DEBUG - Lock 2763511312496 acquired on C:\Users\12605\AppData\Local\Temp\tmpvrqmsmu5\model\sshleifer_tiny-distilroberta-base\.cache\huggingface\download\config.json.lock
2025-09-28 19:21:03,200 - urllib3.connectionpool - DEBUG - https://huggingface.co:443 "GET /api/resolve-cache/models/sshleifer/tiny-distilroberta-base/d305c58110158c865cb6746c62d4511d4148a934/config.json HTTP/1.1" 200 474
2025-09-28 19:21:03,213 - filelock - DEBUG - Attempting to release lock 2763511312496 on C:\Users\12605\AppData\Local\Temp\tmpvrqmsmu5\model\sshleifer_tiny-distilroberta-base\.cache\huggingface\download\config.json.lock
2025-09-28 19:21:03,215 - filelock - DEBUG - Lock 2763511312496 released on C:\Users\12605\AppData\Local\Temp\tmpvrqmsmu5\model\sshleifer_tiny-distilroberta-base\.cache\huggingface\download\config.json.lock
2025-09-28 19:21:03,219 - filelock - DEBUG - Attempting to acquire lock 2763511309456 on C:\Users\12605\AppData\Local\Temp\tmpvrqmsmu5\model\sshleifer_tiny-distilroberta-base\.cache\huggingface\download\config.json.lock
2025-09-28 19:21:03,221 - filelock - DEBUG - Lock 2763511309456 acquired on C:\Users\12605\AppData\Local\Temp\tmpvrqmsmu5\model\sshleifer_tiny-distilroberta-base\.cache\huggingface\download\config.json.lock
2025-09-28 19:21:03,223 - filelock - DEBUG - Attempting to release lock 2763511309456 on C:\Users\12605\AppData\Local\Temp\tmpvrqmsmu5\model\sshleifer_tiny-distilroberta-base\.cache\huggingface\download\config.json.lock
2025-09-28 19:21:03,225 - filelock - DEBUG - Lock 2763511309456 released on C:\Users\12605\AppData\Local\Temp\tmpvrqmsmu5\model\sshleifer_tiny-distilroberta-base\.cache\huggingface\download\config.json.lock
2025-09-28 19:21:03,228 - urllib3.connectionpool - DEBUG - https://huggingface.co:443 "HEAD /sshleifer/tiny-distilroberta-base/resolve/d305c58110158c865cb6746c62d4511d4148a934/vocab.json HTTP/1.1" 307 0
2025-09-28 19:21:03,260 - urllib3.connectionpool - DEBUG - https://huggingface.co:443 "HEAD /sshleifer/tiny-distilroberta-base/resolve/d305c58110158c865cb6746c62d4511d4148a934/tokenizer_config.json HTTP/1.1" 307 0
2025-09-28 19:21:03,266 - urllib3.connectionpool - DEBUG - https://huggingface.co:443 "HEAD /sshleifer/tiny-distilroberta-base/resolve/d305c58110158c865cb6746c62d4511d4148a934/flax_model.msgpack HTTP/1.1" 302 0
2025-09-28 19:21:03,276 - urllib3.connectionpool - DEBUG - https://huggingface.co:443 "HEAD /api/resolve-cache/models/sshleifer/tiny-distilroberta-base/d305c58110158c865cb6746c62d4511d4148a934/vocab.json HTTP/1.1" 200 0
2025-09-28 19:21:03,278 - urllib3.connectionpool - DEBUG - https://huggingface.co:443 "HEAD /sshleifer/tiny-distilroberta-base/resolve/d305c58110158c865cb6746c62d4511d4148a934/pytorch_model.bin HTTP/1.1" 302 0
2025-09-28 19:21:03,293 - filelock - DEBUG - Attempting to acquire lock 2763494076880 on C:\Users\12605\AppData\Local\Temp\tmpvrqmsmu5\model\sshleifer_tiny-distilroberta-base\.cache\huggingface\download\flax_model.msgpack.lock
2025-09-28 19:21:03,294 - filelock - DEBUG - Attempting to acquire lock 2763511570256 on C:\Users\12605\AppData\Local\Temp\tmpvrqmsmu5\model\sshleifer_tiny-distilroberta-base\.cache\huggingface\download\vocab.json.lock
2025-09-28 19:21:03,296 - filelock - DEBUG - Attempting to acquire lock 2763511574352 on C:\Users\12605\AppData\Local\Temp\tmpvrqmsmu5\model\sshleifer_tiny-distilroberta-base\.cache\huggingface\download\pytorch_model.bin.lock
2025-09-28 19:21:03,296 - filelock - DEBUG - Lock 2763494076880 acquired on C:\Users\12605\AppData\Local\Temp\tmpvrqmsmu5\model\sshleifer_tiny-distilroberta-base\.cache\huggingface\download\flax_model.msgpack.lock
2025-09-28 19:21:03,299 - filelock - DEBUG - Lock 2763511570256 acquired on C:\Users\12605\AppData\Local\Temp\tmpvrqmsmu5\model\sshleifer_tiny-distilroberta-base\.cache\huggingface\download\vocab.json.lock
2025-09-28 19:21:03,300 - filelock - DEBUG - Lock 2763511574352 acquired on C:\Users\12605\AppData\Local\Temp\tmpvrqmsmu5\model\sshleifer_tiny-distilroberta-base\.cache\huggingface\download\pytorch_model.bin.lock
2025-09-28 19:21:03,314 - urllib3.connectionpool - DEBUG - https://huggingface.co:443 "HEAD /sshleifer/tiny-distilroberta-base/resolve/d305c58110158c865cb6746c62d4511d4148a934/merges.txt HTTP/1.1" 307 0
2025-09-28 19:21:03,309 - huggingface_hub.file_download - WARNING - Xet Storage is enabled for this repo, but the 'hf_xet' package is not installed. Falling back to regular HTTP download. For better performance, install the package with: `pip install huggingface_hub[hf_xet]` or `pip install hf_xet`
2025-09-28 19:21:03,319 - huggingface_hub.file_download - WARNING - Xet Storage is enabled for this repo, but the 'hf_xet' package is not installed. Falling back to regular HTTP download. For better performance, install the package with: `pip install huggingface_hub[hf_xet]` or `pip install hf_xet`
2025-09-28 19:21:03,326 - urllib3.connectionpool - DEBUG - https://huggingface.co:443 "HEAD /api/resolve-cache/models/sshleifer/tiny-distilroberta-base/d305c58110158c865cb6746c62d4511d4148a934/tokenizer_config.json HTTP/1.1" 200 0
2025-09-28 19:21:03,333 - urllib3.connectionpool - DEBUG - https://huggingface.co:443 "HEAD /sshleifer/tiny-distilroberta-base/resolve/d305c58110158c865cb6746c62d4511d4148a934/special_tokens_map.json HTTP/1.1" 307 0
2025-09-28 19:21:03,338 - urllib3.connectionpool - DEBUG - https://huggingface.co:443 "HEAD /sshleifer/tiny-distilroberta-base/resolve/d305c58110158c865cb6746c62d4511d4148a934/tf_model.h5 HTTP/1.1" 302 0
2025-09-28 19:21:03,370 - filelock - DEBUG - Attempting to acquire lock 2763511410688 on C:\Users\12605\AppData\Local\Temp\tmpvrqmsmu5\model\sshleifer_tiny-distilroberta-base\.cache\huggingface\download\tokenizer_config.json.lock
2025-09-28 19:21:03,372 - urllib3.connectionpool - DEBUG - https://huggingface.co:443 "GET /api/resolve-cache/models/sshleifer/tiny-distilroberta-base/d305c58110158c865cb6746c62d4511d4148a934/vocab.json HTTP/1.1" 200 None
2025-09-28 19:21:03,383 - filelock - DEBUG - Attempting to acquire lock 2763511412368 on C:\Users\12605\AppData\Local\Temp\tmpvrqmsmu5\model\sshleifer_tiny-distilroberta-base\.cache\huggingface\download\tf_model.h5.lock
2025-09-28 19:21:03,383 - filelock - DEBUG - Lock 2763511410688 acquired on C:\Users\12605\AppData\Local\Temp\tmpvrqmsmu5\model\sshleifer_tiny-distilroberta-base\.cache\huggingface\download\tokenizer_config.json.lock
2025-09-28 19:21:03,385 - filelock - DEBUG - Lock 2763511412368 acquired on C:\Users\12605\AppData\Local\Temp\tmpvrqmsmu5\model\sshleifer_tiny-distilroberta-base\.cache\huggingface\download\tf_model.h5.lock
2025-09-28 19:21:03,396 - huggingface_hub.file_download - WARNING - Xet Storage is enabled for this repo, but the 'hf_xet' package is not installed. Falling back to regular HTTP download. For better performance, install the package with: `pip install huggingface_hub[hf_xet]` or `pip install hf_xet`
2025-09-28 19:21:03,405 - urllib3.connectionpool - DEBUG - https://huggingface.co:443 "HEAD /api/resolve-cache/models/sshleifer/tiny-distilroberta-base/d305c58110158c865cb6746c62d4511d4148a934/merges.txt HTTP/1.1" 200 0
2025-09-28 19:21:03,411 - urllib3.connectionpool - DEBUG - https://huggingface.co:443 "HEAD /api/resolve-cache/models/sshleifer/tiny-distilroberta-base/d305c58110158c865cb6746c62d4511d4148a934/special_tokens_map.json HTTP/1.1" 200 0
2025-09-28 19:21:03,420 - urllib3.connectionpool - DEBUG - https://huggingface.co:443 "GET /sshleifer/tiny-distilroberta-base/resolve/d305c58110158c865cb6746c62d4511d4148a934/flax_model.msgpack HTTP/1.1" 302 1321
2025-09-28 19:21:03,422 - filelock - DEBUG - Attempting to acquire lock 2763510813456 on C:\Users\12605\AppData\Local\Temp\tmpvrqmsmu5\model\sshleifer_tiny-distilroberta-base\.cache\huggingface\download\special_tokens_map.json.lock
2025-09-28 19:21:03,430 - filelock - DEBUG - Attempting to acquire lock 2763510813264 on C:\Users\12605\AppData\Local\Temp\tmpvrqmsmu5\model\sshleifer_tiny-distilroberta-base\.cache\huggingface\download\merges.txt.lock
2025-09-28 19:21:03,432 - urllib3.connectionpool - DEBUG - https://huggingface.co:443 "GET /sshleifer/tiny-distilroberta-base/resolve/d305c58110158c865cb6746c62d4511d4148a934/pytorch_model.bin HTTP/1.1" 302 1370
2025-09-28 19:21:03,439 - urllib3.connectionpool - DEBUG - https://huggingface.co:443 "GET /api/resolve-cache/models/sshleifer/tiny-distilroberta-base/d305c58110158c865cb6746c62d4511d4148a934/tokenizer_config.json HTTP/1.1" 200 25
2025-09-28 19:21:03,441 - filelock - DEBUG - Lock 2763510813456 acquired on C:\Users\12605\AppData\Local\Temp\tmpvrqmsmu5\model\sshleifer_tiny-distilroberta-base\.cache\huggingface\download\special_tokens_map.json.lock
2025-09-28 19:21:03,454 - urllib3.connectionpool - DEBUG - Starting new HTTPS connection (1): cas-bridge.xethub.hf.co:443
2025-09-28 19:21:03,468 - urllib3.connectionpool - DEBUG - Starting new HTTPS connection (1): cas-bridge.xethub.hf.co:443
2025-09-28 19:21:03,472 - filelock - DEBUG - Lock 2763510813264 acquired on C:\Users\12605\AppData\Local\Temp\tmpvrqmsmu5\model\sshleifer_tiny-distilroberta-base\.cache\huggingface\download\merges.txt.lock
2025-09-28 19:21:03,490 - filelock - DEBUG - Attempting to release lock 2763511410688 on C:\Users\12605\AppData\Local\Temp\tmpvrqmsmu5\model\sshleifer_tiny-distilroberta-base\.cache\huggingface\download\tokenizer_config.json.lock
2025-09-28 19:21:03,494 - urllib3.connectionpool - DEBUG - https://huggingface.co:443 "GET /sshleifer/tiny-distilroberta-base/resolve/d305c58110158c865cb6746c62d4511d4148a934/tf_model.h5 HTTP/1.1" 302 1317
2025-09-28 19:21:03,510 - filelock - DEBUG - Lock 2763511410688 released on C:\Users\12605\AppData\Local\Temp\tmpvrqmsmu5\model\sshleifer_tiny-distilroberta-base\.cache\huggingface\download\tokenizer_config.json.lock
2025-09-28 19:21:03,536 - urllib3.connectionpool - DEBUG - Starting new HTTPS connection (1): cas-bridge.xethub.hf.co:443
2025-09-28 19:21:03,538 - filelock - DEBUG - Attempting to release lock 2763511570256 on C:\Users\12605\AppData\Local\Temp\tmpvrqmsmu5\model\sshleifer_tiny-distilroberta-base\.cache\huggingface\download\vocab.json.lock
2025-09-28 19:21:03,540 - filelock - DEBUG - Attempting to acquire lock 2763511016784 on C:\Users\12605\AppData\Local\Temp\tmpvrqmsmu5\model\sshleifer_tiny-distilroberta-base\.cache\huggingface\download\tokenizer_config.json.lock
2025-09-28 19:21:03,540 - filelock - DEBUG - Lock 2763511570256 released on C:\Users\12605\AppData\Local\Temp\tmpvrqmsmu5\model\sshleifer_tiny-distilroberta-base\.cache\huggingface\download\vocab.json.lock
2025-09-28 19:21:03,544 - urllib3.connectionpool - DEBUG - https://huggingface.co:443 "GET /api/resolve-cache/models/sshleifer/tiny-distilroberta-base/d305c58110158c865cb6746c62d4511d4148a934/special_tokens_map.json HTTP/1.1" 200 150
2025-09-28 19:21:03,551 - urllib3.connectionpool - DEBUG - https://huggingface.co:443 "GET /api/resolve-cache/models/sshleifer/tiny-distilroberta-base/d305c58110158c865cb6746c62d4511d4148a934/merges.txt HTTP/1.1" 200 None
2025-09-28 19:21:03,557 - filelock - DEBUG - Lock 2763511016784 acquired on C:\Users\12605\AppData\Local\Temp\tmpvrqmsmu5\model\sshleifer_tiny-distilroberta-base\.cache\huggingface\download\tokenizer_config.json.lock
2025-09-28 19:21:03,563 - filelock - DEBUG - Attempting to release lock 2763511016784 on C:\Users\12605\AppData\Local\Temp\tmpvrqmsmu5\model\sshleifer_tiny-distilroberta-base\.cache\huggingface\download\tokenizer_config.json.lock
2025-09-28 19:21:03,564 - filelock - DEBUG - Attempting to acquire lock 2763510810192 on C:\Users\12605\AppData\Local\Temp\tmpvrqmsmu5\model\sshleifer_tiny-distilroberta-base\.cache\huggingface\download\vocab.json.lock
2025-09-28 19:21:03,566 - filelock - DEBUG - Lock 2763511016784 released on C:\Users\12605\AppData\Local\Temp\tmpvrqmsmu5\model\sshleifer_tiny-distilroberta-base\.cache\huggingface\download\tokenizer_config.json.lock
2025-09-28 19:21:03,571 - filelock - DEBUG - Lock 2763510810192 acquired on C:\Users\12605\AppData\Local\Temp\tmpvrqmsmu5\model\sshleifer_tiny-distilroberta-base\.cache\huggingface\download\vocab.json.lock
2025-09-28 19:21:03,590 - filelock - DEBUG - Attempting to release lock 2763510813456 on C:\Users\12605\AppData\Local\Temp\tmpvrqmsmu5\model\sshleifer_tiny-distilroberta-base\.cache\huggingface\download\special_tokens_map.json.lock
2025-09-28 19:21:03,590 - filelock - DEBUG - Attempting to release lock 2763510810192 on C:\Users\12605\AppData\Local\Temp\tmpvrqmsmu5\model\sshleifer_tiny-distilroberta-base\.cache\huggingface\download\vocab.json.lock
2025-09-28 19:21:03,592 - filelock - DEBUG - Lock 2763510813456 released on C:\Users\12605\AppData\Local\Temp\tmpvrqmsmu5\model\sshleifer_tiny-distilroberta-base\.cache\huggingface\download\special_tokens_map.json.lock
2025-09-28 19:21:03,595 - filelock - DEBUG - Lock 2763510810192 released on C:\Users\12605\AppData\Local\Temp\tmpvrqmsmu5\model\sshleifer_tiny-distilroberta-base\.cache\huggingface\download\vocab.json.lock
2025-09-28 19:21:03,597 - filelock - DEBUG - Attempting to acquire lock 2763510811440 on C:\Users\12605\AppData\Local\Temp\tmpvrqmsmu5\model\sshleifer_tiny-distilroberta-base\.cache\huggingface\download\special_tokens_map.json.lock
2025-09-28 19:21:03,599 - filelock - DEBUG - Lock 2763510811440 acquired on C:\Users\12605\AppData\Local\Temp\tmpvrqmsmu5\model\sshleifer_tiny-distilroberta-base\.cache\huggingface\download\special_tokens_map.json.lock
2025-09-28 19:21:03,601 - filelock - DEBUG - Attempting to release lock 2763510811440 on C:\Users\12605\AppData\Local\Temp\tmpvrqmsmu5\model\sshleifer_tiny-distilroberta-base\.cache\huggingface\download\special_tokens_map.json.lock
2025-09-28 19:21:03,603 - filelock - DEBUG - Lock 2763510811440 released on C:\Users\12605\AppData\Local\Temp\tmpvrqmsmu5\model\sshleifer_tiny-distilroberta-base\.cache\huggingface\download\special_tokens_map.json.lock
2025-09-28 19:21:03,625 - filelock - DEBUG - Attempting to release lock 2763510813264 on C:\Users\12605\AppData\Local\Temp\tmpvrqmsmu5\model\sshleifer_tiny-distilroberta-base\.cache\huggingface\download\merges.txt.lock
2025-09-28 19:21:03,626 - filelock - DEBUG - Lock 2763510813264 released on C:\Users\12605\AppData\Local\Temp\tmpvrqmsmu5\model\sshleifer_tiny-distilroberta-base\.cache\huggingface\download\merges.txt.lock
2025-09-28 19:21:03,630 - filelock - DEBUG - Attempting to acquire lock 2763510813264 on C:\Users\12605\AppData\Local\Temp\tmpvrqmsmu5\model\sshleifer_tiny-distilroberta-base\.cache\huggingface\download\merges.txt.lock
2025-09-28 19:21:03,632 - filelock - DEBUG - Lock 2763510813264 acquired on C:\Users\12605\AppData\Local\Temp\tmpvrqmsmu5\model\sshleifer_tiny-distilroberta-base\.cache\huggingface\download\merges.txt.lock
2025-09-28 19:21:03,634 - filelock - DEBUG - Attempting to release lock 2763510813264 on C:\Users\12605\AppData\Local\Temp\tmpvrqmsmu5\model\sshleifer_tiny-distilroberta-base\.cache\huggingface\download\merges.txt.lock
2025-09-28 19:21:03,635 - filelock - DEBUG - Lock 2763510813264 released on C:\Users\12605\AppData\Local\Temp\tmpvrqmsmu5\model\sshleifer_tiny-distilroberta-base\.cache\huggingface\download\merges.txt.lock
2025-09-28 19:21:05,292 - urllib3.connectionpool - DEBUG - https://cas-bridge.xethub.hf.co:443 "GET /xet-bridge-us/621ffdc136468d709f18090b/24932a29a1407d8baf4e067b4f93332e7bb978ef2074f3c264d0d64ef7ea9d32?X-Amz-Algorithm=AWS4-HMAC-SHA256&X-Amz-Content-Sha256=UNSIGNED-PAYLOAD&X-Amz-Credential=cas%2F20250928%2Fus-east-1%2Fs3%2Faws4_request&X-Amz-Date=20250928T232103Z&X-Amz-Expires=3600&X-Amz-Signature=3d69939d90910ba60329c1208dd4347d996fff96d3a4737afd1a104d94cb08ba&X-Amz-SignedHeaders=host&X-Xet-Cas-Uid=public&response-content-disposition=inline%3B+filename*%3DUTF-8%27%27pytorch_model.bin%3B+filename%3D%22pytorch_model.bin%22%3B&response-content-type=application%2Foctet-stream&x-id=GetObject&Expires=1759105263&Policy=eyJTdGF0ZW1lbnQiOlt7IkNvbmRpdGlvbiI6eyJEYXRlTGVzc1RoYW4iOnsiQVdTOkVwb2NoVGltZSI6MTc1OTEwNTI2M319LCJSZXNvdXJjZSI6Imh0dHBzOi8vY2FzLWJyaWRnZS54ZXRodWIuaGYuY28veGV0LWJyaWRnZS11cy82MjFmZmRjMTM2NDY4ZDcwOWYxODA5MGIvMjQ5MzJhMjlhMTQwN2Q4YmFmNGUwNjdiNGY5MzMzMmU3YmI5NzhlZjIwNzRmM2MyNjRkMGQ2NGVmN2VhOWQzMioifV19&Signature=XUxUlDEtg7HBgN63YaKn8kPgFfOzQd~fJkpaBN8NDsa-y2Zo7GYCUnJ-izXA9rNIwoSN3bFEZv-es9bLZfwFe7BywPEn1wbH~QvqWMyl1UxNtPCV0KJI8dz8aBm30jrvkzp1a5vwEgxOokvKa4xpqXYpRQVHINwXvejgJ9~CRqa0HYgVRp65gUrqsrG-IFmjcbp2iQtKDSlhkIHfot7co-ojPlXbIue6Q4zI6EN9JmesDLujDAaH8eieJkd~3h7jAqhior1rhwZb9wa1oqGKY9SijX8ThkQZH6Vgn6upkm5qiUgh~vABjfrHN5HyGNnxfIobA2vdyrLxGpQxcKVvDA__&Key-Pair-Id=K2L8F4GPSG1IFC HTTP/1.1" 200 617938
2025-09-28 19:21:05,300 - urllib3.connectionpool - DEBUG - https://cas-bridge.xethub.hf.co:443 "GET /xet-bridge-us/621ffdc136468d709f18090b/498bfe3d41f5f6106001ac169d24fd79ae59923a6ff7dfef856f0ed65fccfddb?X-Amz-Algorithm=AWS4-HMAC-SHA256&X-Amz-Content-Sha256=UNSIGNED-PAYLOAD&X-Amz-Credential=cas%2F20250928%2Fus-east-1%2Fs3%2Faws4_request&X-Amz-Date=20250928T231616Z&X-Amz-Expires=3600&X-Amz-Signature=69e02b6c0fd279d345b88c66c9cbc0b25c375b7e8e1779fd072327d4d2b85a30&X-Amz-SignedHeaders=host&X-Xet-Cas-Uid=public&response-content-disposition=inline%3B+filename*%3DUTF-8%27%27flax_model.msgpack%3B+filename%3D%22flax_model.msgpack%22%3B&x-id=GetObject&Expires=1759104976&Policy=eyJTdGF0ZW1lbnQiOlt7IkNvbmRpdGlvbiI6eyJEYXRlTGVzc1RoYW4iOnsiQVdTOkVwb2NoVGltZSI6MTc1OTEwNDk3Nn19LCJSZXNvdXJjZSI6Imh0dHBzOi8vY2FzLWJyaWRnZS54ZXRodWIuaGYuY28veGV0LWJyaWRnZS11cy82MjFmZmRjMTM2NDY4ZDcwOWYxODA5MGIvNDk4YmZlM2Q0MWY1ZjYxMDYwMDFhYzE2OWQyNGZkNzlhZTU5OTIzYTZmZjdkZmVmODU2ZjBlZDY1ZmNjZmRkYioifV19&Signature=M1KUcEjtZNnH9T9TE-epyITv7YSz99TPK4pErI-KJR38wqMEDQ2qWRa---5ZZjJyvVVGsjZz8Gsom~IHGLDbi6aM0VZWLFqjYzAi7jBMcXFPw-u-S-0cT3GSudwxxXz0Sl42aFsHTkxBgVYVn4~fbNi-5my2t2B16zTwVL5yzqw-WC8EMUq-FtgXzzPXEAjflTLIy7NsCWJiNp1-fywIbd3MjrN-mNWEnpq3WRS0ibaQQLGSi8QdFjAi8ydODSuUhpLxxkHMYoRJJS3wFveWVy14biv7CLS3FTD1aUAc5sZgFuqTOPEspkYZplLUyFKXFhTP1W~HYAoMVRnDX~YXwg__&Key-Pair-Id=K2L8F4GPSG1IFC HTTP/1.1" 200 609035
2025-09-28 19:21:05,311 - urllib3.connectionpool - DEBUG - https://cas-bridge.xethub.hf.co:443 "GET /xet-bridge-us/621ffdc136468d709f18090b/460b2bc2b54d4c799b6a69b533c301a9d140d4a9a8de0a12fd5a194d24e1faf9?X-Amz-Algorithm=AWS4-HMAC-SHA256&X-Amz-Content-Sha256=UNSIGNED-PAYLOAD&X-Amz-Credential=cas%2F20250928%2Fus-east-1%2Fs3%2Faws4_request&X-Amz-Date=20250928T232103Z&X-Amz-Expires=3600&X-Amz-Signature=e03fa2a96df6feefb7a2a3e563ea075683868d39f224b04e22ab4cb1b6e4d979&X-Amz-SignedHeaders=host&X-Xet-Cas-Uid=public&response-content-disposition=inline%3B+filename*%3DUTF-8%27%27tf_model.h5%3B+filename%3D%22tf_model.h5%22%3B&x-id=GetObject&Expires=1759105263&Policy=eyJTdGF0ZW1lbnQiOlt7IkNvbmRpdGlvbiI6eyJEYXRlTGVzc1RoYW4iOnsiQVdTOkVwb2NoVGltZSI6MTc1OTEwNTI2M319LCJSZXNvdXJjZSI6Imh0dHBzOi8vY2FzLWJyaWRnZS54ZXRodWIuaGYuY28veGV0LWJyaWRnZS11cy82MjFmZmRjMTM2NDY4ZDcwOWYxODA5MGIvNDYwYjJiYzJiNTRkNGM3OTliNmE2OWI1MzNjMzAxYTlkMTQwZDRhOWE4ZGUwYTEyZmQ1YTE5NGQyNGUxZmFmOSoifV19&Signature=DPZBLPU4zUmYkvVe7X5xD3BQ394TSSayIclMSSx1ns3iGQSb8sQPSLfyXGaCkvHwlK85QtDB4~qPvKeCTr05HCFhmHDx0hjZ8SMxDTMZFjyVpYNrbWg4BaAcCBHQVZOHeJGoJHA2VhbVdz2YUg1-~0qIrw8pVhUC0uloyMd~C4O7fdxu~jUeDSNs8iehebmHp4-0f3XJQ37~QevzMrMLyttHWzaGg-Q0N~9sG6cyEmOnWcOAntBoe-uM6WErXGaKHJwgI9yL~KAbP62oTAHVjRTIJFQv0oy57LCKvk6~T4LGrE34jxaihGkX~wQuQWqINrxBcxflAKeEe-pep1e7HQ__&Key-Pair-Id=K2L8F4GPSG1IFC HTTP/1.1" 200 1090452
2025-09-28 19:21:05,426 - filelock - DEBUG - Attempting to release lock 2763511574352 on C:\Users\12605\AppData\Local\Temp\tmpvrqmsmu5\model\sshleifer_tiny-distilroberta-base\.cache\huggingface\download\pytorch_model.bin.lock
2025-09-28 19:21:05,427 - filelock - DEBUG - Lock 2763511574352 released on C:\Users\12605\AppData\Local\Temp\tmpvrqmsmu5\model\sshleifer_tiny-distilroberta-base\.cache\huggingface\download\pytorch_model.bin.lock
2025-09-28 19:21:05,429 - filelock - DEBUG - Attempting to acquire lock 2763510812400 on C:\Users\12605\AppData\Local\Temp\tmpvrqmsmu5\model\sshleifer_tiny-distilroberta-base\.cache\huggingface\download\pytorch_model.bin.lock
2025-09-28 19:21:05,432 - filelock - DEBUG - Lock 2763510812400 acquired on C:\Users\12605\AppData\Local\Temp\tmpvrqmsmu5\model\sshleifer_tiny-distilroberta-base\.cache\huggingface\download\pytorch_model.bin.lock
2025-09-28 19:21:05,433 - filelock - DEBUG - Attempting to release lock 2763510812400 on C:\Users\12605\AppData\Local\Temp\tmpvrqmsmu5\model\sshleifer_tiny-distilroberta-base\.cache\huggingface\download\pytorch_model.bin.lock
2025-09-28 19:21:05,435 - filelock - DEBUG - Lock 2763510812400 released on C:\Users\12605\AppData\Local\Temp\tmpvrqmsmu5\model\sshleifer_tiny-distilroberta-base\.cache\huggingface\download\pytorch_model.bin.lock
2025-09-28 19:21:05,439 - filelock - DEBUG - Attempting to release lock 2763494076880 on C:\Users\12605\AppData\Local\Temp\tmpvrqmsmu5\model\sshleifer_tiny-distilroberta-base\.cache\huggingface\download\flax_model.msgpack.lock
2025-09-28 19:21:05,440 - filelock - DEBUG - Lock 2763494076880 released on C:\Users\12605\AppData\Local\Temp\tmpvrqmsmu5\model\sshleifer_tiny-distilroberta-base\.cache\huggingface\download\flax_model.msgpack.lock
2025-09-28 19:21:05,442 - filelock - DEBUG - Attempting to acquire lock 2763510809040 on C:\Users\12605\AppData\Local\Temp\tmpvrqmsmu5\model\sshleifer_tiny-distilroberta-base\.cache\huggingface\download\flax_model.msgpack.lock
2025-09-28 19:21:05,444 - filelock - DEBUG - Lock 2763510809040 acquired on C:\Users\12605\AppData\Local\Temp\tmpvrqmsmu5\model\sshleifer_tiny-distilroberta-base\.cache\huggingface\download\flax_model.msgpack.lock
2025-09-28 19:21:05,446 - filelock - DEBUG - Attempting to release lock 2763510809040 on C:\Users\12605\AppData\Local\Temp\tmpvrqmsmu5\model\sshleifer_tiny-distilroberta-base\.cache\huggingface\download\flax_model.msgpack.lock
2025-09-28 19:21:05,447 - filelock - DEBUG - Lock 2763510809040 released on C:\Users\12605\AppData\Local\Temp\tmpvrqmsmu5\model\sshleifer_tiny-distilroberta-base\.cache\huggingface\download\flax_model.msgpack.lock
2025-09-28 19:21:05,467 - filelock - DEBUG - Attempting to release lock 2763511412368 on C:\Users\12605\AppData\Local\Temp\tmpvrqmsmu5\model\sshleifer_tiny-distilroberta-base\.cache\huggingface\download\tf_model.h5.lock
2025-09-28 19:21:05,468 - filelock - DEBUG - Lock 2763511412368 released on C:\Users\12605\AppData\Local\Temp\tmpvrqmsmu5\model\sshleifer_tiny-distilroberta-base\.cache\huggingface\download\tf_model.h5.lock
2025-09-28 19:21:05,471 - filelock - DEBUG - Attempting to acquire lock 2763510811632 on C:\Users\12605\AppData\Local\Temp\tmpvrqmsmu5\model\sshleifer_tiny-distilroberta-base\.cache\huggingface\download\tf_model.h5.lock
2025-09-28 19:21:05,472 - filelock - DEBUG - Lock 2763510811632 acquired on C:\Users\12605\AppData\Local\Temp\tmpvrqmsmu5\model\sshleifer_tiny-distilroberta-base\.cache\huggingface\download\tf_model.h5.lock
2025-09-28 19:21:05,473 - filelock - DEBUG - Attempting to release lock 2763510811632 on C:\Users\12605\AppData\Local\Temp\tmpvrqmsmu5\model\sshleifer_tiny-distilroberta-base\.cache\huggingface\download\tf_model.h5.lock
2025-09-28 19:21:05,475 - filelock - DEBUG - Lock 2763510811632 released on C:\Users\12605\AppData\Local\Temp\tmpvrqmsmu5\model\sshleifer_tiny-distilroberta-base\.cache\huggingface\download\tf_model.h5.lock
2025-09-28 19:21:06,882 - root - DEBUG - Coverage report:
2025-09-28 19:21:06,882 - root - DEBUG - Name                            Stmts   Miss  Cover
---------------------------------------------------
__init__.py                         0      0   100%
__main__.py                       174    164     6%
config.py                          94     57    39%
database.py                       147     31    79%
download_manager.py               147     31    79%
infer_dataset.py                   10      4    60%
metric.py                          97     37    62%
metrics\__init__.py                 0      0   100%
metrics\bus_factor.py              91     32    65%
metrics\code_quality.py            30     30     0%
metrics\dataset_and_code.py        50     27    46%
metrics\dataset_quality.py         39     14    64%
metrics\license.py                 80     79     1%
metrics\performance_claims.py      35     35     0%
metrics\ramp_up_time.py            34     16    53%
metrics\size_metric.py            161    161     0%
url_parser.py                      11      5    55%
workflow.py                        44     24    45%
---------------------------------------------------
TOTAL                            1244    747    40%

2025-09-28 19:21:06,883 - root - DEBUG - Files measured for coverage: 18
2025-09-28 19:21:06,883 - root - DEBUG - Measured file: C:\Users\12605\HuggingFace-Model-Manager\src\metrics\license.py
2025-09-28 19:21:06,883 - root - DEBUG - Measured file: C:\Users\12605\HuggingFace-Model-Manager\src\__main__.py
2025-09-28 19:21:06,883 - root - DEBUG - Measured file: C:\Users\12605\HuggingFace-Model-Manager\src\metrics\dataset_quality.py
2025-09-28 19:21:06,883 - root - DEBUG - Measured file: C:\Users\12605\HuggingFace-Model-Manager\src\url_parser.py
2025-09-28 19:21:06,883 - root - DEBUG - Measured file: C:\Users\12605\HuggingFace-Model-Manager\src\metrics\bus_factor.py
2025-09-28 19:21:06,883 - root - DEBUG - Measured file: C:\Users\12605\HuggingFace-Model-Manager\src\metric.py
2025-09-28 19:21:06,883 - root - DEBUG - Measured file: C:\Users\12605\HuggingFace-Model-Manager\src\metrics\ramp_up_time.py
2025-09-28 19:21:06,883 - root - DEBUG - Measured file: C:\Users\12605\HuggingFace-Model-Manager\src\metrics\performance_claims.py
2025-09-28 19:21:06,883 - root - DEBUG - Measured file: C:\Users\12605\HuggingFace-Model-Manager\src\metrics\code_quality.py
2025-09-28 19:21:06,883 - root - DEBUG - Measured file: C:\Users\12605\HuggingFace-Model-Manager\src\metrics\dataset_and_code.py
2025-09-28 19:21:06,883 - root - DEBUG - Measured file: C:\Users\12605\HuggingFace-Model-Manager\src\config.py
2025-09-28 19:21:06,883 - root - DEBUG - Measured file: C:\Users\12605\HuggingFace-Model-Manager\src\__init__.py
2025-09-28 19:21:06,883 - root - DEBUG - Measured file: C:\Users\12605\HuggingFace-Model-Manager\src\download_manager.py
2025-09-28 19:21:06,883 - root - DEBUG - Measured file: C:\Users\12605\HuggingFace-Model-Manager\src\metrics\__init__.py
2025-09-28 19:21:06,883 - root - DEBUG - Measured file: C:\Users\12605\HuggingFace-Model-Manager\src\workflow.py
2025-09-28 19:21:06,883 - root - DEBUG - Measured file: C:\Users\12605\HuggingFace-Model-Manager\src\database.py
2025-09-28 19:21:06,883 - root - DEBUG - Measured file: C:\Users\12605\HuggingFace-Model-Manager\src\metrics\size_metric.py
2025-09-28 19:21:06,884 - root - DEBUG - Measured file: C:\Users\12605\HuggingFace-Model-Manager\src\infer_dataset.py
